SF:lib\screens\home_screen.dart
DA:10,1
DA:12,1
DA:13,1
DA:17,1
DA:19,1
DA:20,1
DA:29,2
DA:30,1
DA:43,1
DA:55,1
DA:57,1
DA:58,1
DA:65,1
DA:67,0
DA:68,0
DA:69,0
DA:71,1
DA:72,1
DA:73,1
DA:74,1
DA:76,1
DA:85,1
DA:86,1
DA:87,1
DA:94,1
DA:96,0
DA:97,0
DA:98,0
DA:100,1
DA:101,1
DA:102,1
DA:103,1
DA:106,2
DA:114,1
DA:115,1
DA:116,1
LF:36
LH:30
end_of_record
SF:lib\screens\overview_screen.dart
DA:13,2
DA:15,1
DA:16,1
DA:20,1
DA:22,1
DA:23,1
DA:38,2
DA:40,1
DA:41,1
DA:47,1
DA:48,4
DA:50,1
DA:52,1
DA:53,1
DA:55,1
DA:56,1
DA:70,1
DA:83,1
DA:88,2
DA:89,1
DA:92,1
DA:93,1
DA:102,1
DA:107,1
DA:109,0
DA:121,1
DA:123,1
DA:124,1
DA:127,1
DA:131,1
DA:133,1
DA:157,1
DA:159,1
DA:163,1
DA:165,1
DA:188,1
DA:190,1
DA:194,1
DA:196,1
DA:229,1
DA:234,2
DA:235,1
DA:238,1
DA:239,1
DA:248,1
DA:253,1
DA:255,0
DA:267,1
DA:269,1
DA:270,1
DA:273,1
DA:277,1
DA:279,1
DA:303,1
DA:305,1
DA:309,1
DA:311,1
DA:334,1
DA:336,1
DA:340,1
DA:342,1
DA:386,1
DA:396,1
DA:398,1
DA:400,1
DA:401,1
DA:403,1
DA:404,2
DA:405,2
DA:406,2
DA:409,1
DA:412,1
DA:413,1
DA:415,1
DA:416,1
DA:417,1
DA:419,3
DA:421,1
DA:422,1
DA:433,2
DA:435,1
DA:436,1
DA:439,3
DA:440,1
DA:443,1
DA:445,1
DA:448,1
DA:450,1
DA:453,1
DA:455,1
DA:458,1
DA:460,1
DA:463,1
DA:465,1
DA:468,1
DA:470,1
DA:473,1
DA:475,1
DA:478,1
DA:483,1
DA:485,1
DA:486,1
DA:488,1
DA:489,1
DA:490,1
DA:491,1
DA:500,2
DA:502,1
DA:503,1
DA:507,1
DA:509,1
DA:510,1
DA:525,1
DA:527,0
DA:528,0
DA:536,0
DA:537,0
DA:538,0
DA:541,0
DA:543,0
DA:544,0
DA:545,0
DA:548,0
DA:549,0
DA:557,0
DA:558,0
DA:661,0
DA:662,0
DA:663,0
DA:664,0
DA:666,0
DA:668,0
DA:669,0
DA:683,0
DA:685,0
DA:686,0
DA:694,0
DA:695,0
DA:696,0
DA:709,0
DA:711,0
DA:712,0
DA:713,0
DA:718,0
DA:728,0
DA:729,0
DA:730,0
LF:147
LH:111
end_of_record
SF:lib\screens\splash_screen.dart
DA:4,1
DA:6,1
DA:8,1
DA:9,2
LF:4
LH:4
end_of_record
SF:lib\screens\auth_screen.dart
DA:7,1
DA:9,0
DA:10,0
DA:18,0
DA:28,0
DA:29,0
DA:32,0
DA:35,0
DA:38,0
DA:41,0
DA:42,0
DA:45,0
DA:46,0
DA:47,0
DA:50,0
DA:51,0
DA:55,0
DA:56,0
DA:57,0
DA:62,0
DA:64,0
DA:66,0
LF:22
LH:1
end_of_record
SF:lib\widgets\auth\auth_form.dart
DA:4,0
DA:7,0
DA:18,0
DA:19,0
DA:29,0
DA:30,0
DA:31,0
DA:34,0
DA:35,0
DA:36,0
DA:40,0
DA:42,0
DA:43,0
DA:52,0
DA:53,0
DA:54,0
DA:56,0
DA:57,0
DA:58,0
DA:59,0
DA:62,0
DA:69,0
DA:70,0
DA:71,0
DA:79,0
DA:80,0
DA:81,0
DA:82,0
DA:85,0
DA:86,0
DA:87,0
DA:102,0
DA:103,0
DA:108,0
DA:109,0
DA:112,0
DA:113,0
DA:114,0
DA:115,0
DA:129,0
DA:130,0
DA:135,0
DA:136,0
DA:140,0
DA:141,0
DA:155,0
DA:156,0
DA:161,0
DA:162,0
DA:165,0
DA:168,0
DA:169,0
DA:170,0
DA:171,0
DA:174,0
DA:179,0
DA:181,0
DA:182,0
DA:183,0
DA:190,0
DA:191,0
DA:192,0
DA:193,0
DA:204,0
DA:207,0
DA:208,0
DA:210,0
DA:214,0
DA:215,0
DA:216,0
DA:217,0
DA:220,0
DA:223,0
DA:224,0
DA:238,0
DA:239,0
DA:240,0
DA:241,0
DA:242,0
LF:79
LH:0
end_of_record
